-------------------------------------------------------------------------------
Test set: mypetclinic.MyPetClinicApplicationTests
-------------------------------------------------------------------------------
Tests run: 1, Failures: 0, Errors: 1, Skipped: 0, Time elapsed: 12.081 s <<< FAILURE! - in mypetclinic.MyPetClinicApplicationTests
mypetclinic.MyPetClinicApplicationTests  Time elapsed: 12.075 s  <<< ERROR!
java.lang.IllegalStateException: Unable to find a @SpringBootConfiguration, you need to use @ContextConfiguration or @SpringBootTest(classes=...) with your test

